INFO: 2024-10-12 17:15:39,680: main() 'Using profile folder /home/marc/.config/variety/'
INFO: 2024-10-12 17:15:39,720: perform_upgrade() 'Last run version was 0.8.12 or earlier, current version is 0.8.12'
INFO: 2024-10-12 17:15:39,888: process_command() 'Received command: []'
INFO: 2024-10-12 17:15:39,892: start() 'Using data_path /nix/store/97cqh46cyacl1ra71swhg8q32f5rdahx-variety-0.8.12/share/variety'
INFO: 2024-10-12 17:15:39,892: load() 'Jumble loading'
INFO: 2024-10-12 17:15:39,892: _walk_modules() 'Jumble loading module in __init__ from /nix/store/97cqh46cyacl1ra71swhg8q32f5rdahx-variety-0.8.12/lib/python3.12/site-packages/variety/plugins/builtin/__init__.py'
INFO: 2024-10-12 17:15:39,893: _walk_modules() 'Jumble loading module in GnomeDisplayModesPlugin from /nix/store/97cqh46cyacl1ra71swhg8q32f5rdahx-variety-0.8.12/lib/python3.12/site-packages/variety/plugins/builtin/display_modes/GnomeDisplayModesPlugin.py'
INFO: 2024-10-12 17:15:39,894: load() 'Jumble found plugin class: <class 'GnomeDisplayModesPlugin.GnomeDisplayModesPlugin'>: {'name': 'GnomeDisplayModesPlugin', 'description': 'Display modes relying on the underlying desktop environment', 'version': '1.0', 'author': 'Peter Levi'}'
INFO: 2024-10-12 17:15:39,894: _walk_modules() 'Jumble loading module in LegacyDisplayModesPlugin from /nix/store/97cqh46cyacl1ra71swhg8q32f5rdahx-variety-0.8.12/lib/python3.12/site-packages/variety/plugins/builtin/display_modes/LegacyDisplayModesPlugin.py'
INFO: 2024-10-12 17:15:39,894: load() 'Jumble found plugin class: <class 'LegacyDisplayModesPlugin.LegacyDisplayModesPlugin'>: {'name': 'LegacyDisplayModesPlugin', 'description': 'Legacy display mode for compatibility with past Variety versions', 'version': '1.0', 'author': 'Peter Levi'}'
INFO: 2024-10-12 17:15:39,894: _walk_modules() 'Jumble loading module in ResizingDisplayModesPlugin from /nix/store/97cqh46cyacl1ra71swhg8q32f5rdahx-variety-0.8.12/lib/python3.12/site-packages/variety/plugins/builtin/display_modes/ResizingDisplayModesPlugin.py'
INFO: 2024-10-12 17:15:39,895: load() 'Jumble found plugin class: <class 'ResizingDisplayModesPlugin.ResizingDisplayModesPlugin'>: {'name': 'ResizingDisplayModesPlugin', 'description': 'Display modes that use image resizing within Variety', 'version': '1.0', 'author': 'Peter Levi'}'
INFO: 2024-10-12 17:15:39,896: _walk_modules() 'Jumble loading module in __init__ from /nix/store/97cqh46cyacl1ra71swhg8q32f5rdahx-variety-0.8.12/lib/python3.12/site-packages/variety/plugins/builtin/display_modes/__init__.py'
INFO: 2024-10-12 17:15:39,896: _walk_modules() 'Jumble loading module in APODDownloader from /nix/store/97cqh46cyacl1ra71swhg8q32f5rdahx-variety-0.8.12/lib/python3.12/site-packages/variety/plugins/builtin/downloaders/APODDownloader.py'
INFO: 2024-10-12 17:15:39,897: load() 'Jumble found plugin class: <class 'APODDownloader.APODDownloader'>: {'name': 'APODDownloader', 'description': 'NASA Astro Pic of the Day', 'author': 'Peter Levi', 'version': '0.1'}'
INFO: 2024-10-12 17:15:39,897: _walk_modules() 'Jumble loading module in ArtStationDownloader from /nix/store/97cqh46cyacl1ra71swhg8q32f5rdahx-variety-0.8.12/lib/python3.12/site-packages/variety/plugins/builtin/downloaders/ArtStationDownloader.py'
INFO: 2024-10-12 17:15:39,898: _walk_modules() 'Jumble loading module in ArtStationSource from /nix/store/97cqh46cyacl1ra71swhg8q32f5rdahx-variety-0.8.12/lib/python3.12/site-packages/variety/plugins/builtin/downloaders/ArtStationSource.py'
INFO: 2024-10-12 17:15:39,900: load() 'Jumble found plugin class: <class 'ArtStationSource.ArtStationSource'>: {'name': 'ArtStationSource', 'description': 'Configurable source for fetching images from ArtStation', 'author': 'Denis Gordeev', 'version': '0.1'}'
INFO: 2024-10-12 17:15:39,900: _walk_modules() 'Jumble loading module in BingDownloader from /nix/store/97cqh46cyacl1ra71swhg8q32f5rdahx-variety-0.8.12/lib/python3.12/site-packages/variety/plugins/builtin/downloaders/BingDownloader.py'
INFO: 2024-10-12 17:15:39,901: load() 'Jumble found plugin class: <class 'BingDownloader.BingDownloader'>: {'name': 'BingDownloader', 'description': 'Bing Photo of the Day', 'author': 'Peter Levi', 'version': '0.1'}'
INFO: 2024-10-12 17:15:39,901: _walk_modules() 'Jumble loading module in EarthviewDownloader from /nix/store/97cqh46cyacl1ra71swhg8q32f5rdahx-variety-0.8.12/lib/python3.12/site-packages/variety/plugins/builtin/downloaders/EarthviewDownloader.py'
INFO: 2024-10-12 17:15:39,903: load() 'Jumble found plugin class: <class 'EarthviewDownloader.EarthviewDownloader'>: {'name': 'EarthviewDownloader', 'description': 'Google Earth View Wallpapers', 'author': 'Peter Levi', 'version': '0.1'}'
INFO: 2024-10-12 17:15:39,903: _walk_modules() 'Jumble loading module in MediaRSSDownloader from /nix/store/97cqh46cyacl1ra71swhg8q32f5rdahx-variety-0.8.12/lib/python3.12/site-packages/variety/plugins/builtin/downloaders/MediaRSSDownloader.py'
INFO: 2024-10-12 17:15:39,905: _walk_modules() 'Jumble loading module in MediaRSSSource from /nix/store/97cqh46cyacl1ra71swhg8q32f5rdahx-variety-0.8.12/lib/python3.12/site-packages/variety/plugins/builtin/downloaders/MediaRSSSource.py'
INFO: 2024-10-12 17:15:39,907: load() 'Jumble found plugin class: <class 'MediaRSSSource.MediaRSSSource'>: {'name': 'MediaRSSSource', 'description': 'Configurable source for fetching images from MediaRSS feeds', 'author': 'Peter Levi', 'version': '0.1'}'
INFO: 2024-10-12 17:15:39,907: _walk_modules() 'Jumble loading module in NationalGeographicDownloader from /nix/store/97cqh46cyacl1ra71swhg8q32f5rdahx-variety-0.8.12/lib/python3.12/site-packages/variety/plugins/builtin/downloaders/NationalGeographicDownloader.py'
INFO: 2024-10-12 17:15:39,908: load() 'Jumble found plugin class: <class 'NationalGeographicDownloader.NationalGeographicDownloader'>: {'name': 'NationalGeographicDownloader', 'description': "National Geographic's photo of the day", 'author': 'Eric RÃ¶sch', 'version': '0.1'}'
INFO: 2024-10-12 17:15:39,908: _walk_modules() 'Jumble loading module in RedditDownloader from /nix/store/97cqh46cyacl1ra71swhg8q32f5rdahx-variety-0.8.12/lib/python3.12/site-packages/variety/plugins/builtin/downloaders/RedditDownloader.py'
INFO: 2024-10-12 17:15:39,909: _walk_modules() 'Jumble loading module in RedditSource from /nix/store/97cqh46cyacl1ra71swhg8q32f5rdahx-variety-0.8.12/lib/python3.12/site-packages/variety/plugins/builtin/downloaders/RedditSource.py'
INFO: 2024-10-12 17:15:39,912: load() 'Jumble found plugin class: <class 'RedditSource.RedditSource'>: {'name': 'RedditSource', 'description': 'Configurable source for fetching images from Reddit', 'author': 'Peter Levi', 'version': '0.1'}'
INFO: 2024-10-12 17:15:39,912: _walk_modules() 'Jumble loading module in UnsplashConfigurableSource from /nix/store/97cqh46cyacl1ra71swhg8q32f5rdahx-variety-0.8.12/lib/python3.12/site-packages/variety/plugins/builtin/downloaders/UnsplashConfigurableSource.py'
INFO: 2024-10-12 17:15:39,916: load() 'Jumble found plugin class: <class 'UnsplashConfigurableSource.UnsplashConfigurableSource'>: {'name': 'UnsplashConfigurableSource', 'description': 'Configurable source for fetching photos from Unsplash.com', 'author': 'Peter Levi', 'version': '0.1'}'
INFO: 2024-10-12 17:15:39,916: _walk_modules() 'Jumble loading module in UnsplashDownloader from /nix/store/97cqh46cyacl1ra71swhg8q32f5rdahx-variety-0.8.12/lib/python3.12/site-packages/variety/plugins/builtin/downloaders/UnsplashDownloader.py'
INFO: 2024-10-12 17:15:39,917: load() 'Jumble found plugin class: <class 'UnsplashDownloader.UnsplashDownloader'>: {'name': 'UnsplashDownloader', 'description': 'High-resolution photos from Unsplash.com', 'author': 'Peter Levi', 'version': '0.1'}'
INFO: 2024-10-12 17:15:39,917: _walk_modules() 'Jumble loading module in WallhavenDownloader from /nix/store/97cqh46cyacl1ra71swhg8q32f5rdahx-variety-0.8.12/lib/python3.12/site-packages/variety/plugins/builtin/downloaders/WallhavenDownloader.py'
INFO: 2024-10-12 17:15:39,921: _walk_modules() 'Jumble loading module in WallhavenLegacyDownloader from /nix/store/97cqh46cyacl1ra71swhg8q32f5rdahx-variety-0.8.12/lib/python3.12/site-packages/variety/plugins/builtin/downloaders/WallhavenLegacyDownloader.py'
INFO: 2024-10-12 17:15:39,921: _walk_modules() 'Jumble loading module in WallhavenSource from /nix/store/97cqh46cyacl1ra71swhg8q32f5rdahx-variety-0.8.12/lib/python3.12/site-packages/variety/plugins/builtin/downloaders/WallhavenSource.py'
INFO: 2024-10-12 17:15:39,923: load() 'Jumble found plugin class: <class 'WallhavenSource.WallhavenSource'>: {'name': 'WallhavenSource', 'description': 'Configurable source for fetching images from Wallhaven.cc', 'author': 'Peter Levi', 'version': '0.1'}'
INFO: 2024-10-12 17:15:39,924: _walk_modules() 'Jumble loading module in __init__ from /nix/store/97cqh46cyacl1ra71swhg8q32f5rdahx-variety-0.8.12/lib/python3.12/site-packages/variety/plugins/builtin/downloaders/__init__.py'
INFO: 2024-10-12 17:15:39,924: _walk_modules() 'Jumble loading module in FortuneSource from /nix/store/97cqh46cyacl1ra71swhg8q32f5rdahx-variety-0.8.12/lib/python3.12/site-packages/variety/plugins/builtin/quotes/FortuneSource.py'
INFO: 2024-10-12 17:15:39,927: load() 'Jumble found plugin class: <class 'FortuneSource.FortuneSource'>: {'name': 'UNIX fortune program', 'description': 'Displays quotes using the UNIX fortune program. You may want to install additional fortune packs, e.g. fortunes-bofh-excuses.', 'author': 'Dan Jones', 'version': '0.1'}'
INFO: 2024-10-12 17:15:39,927: _walk_modules() 'Jumble loading module in GoodreadsSource from /nix/store/97cqh46cyacl1ra71swhg8q32f5rdahx-variety-0.8.12/lib/python3.12/site-packages/variety/plugins/builtin/quotes/GoodreadsSource.py'
INFO: 2024-10-12 17:15:40,006: load() 'Jumble found plugin class: <class 'GoodreadsSource.GoodreadsSource'>: {'name': 'Goodreads', 'description': 'Fetches quotes from Goodreads.com', 'author': 'Peter Levi', 'version': '0.1'}'
INFO: 2024-10-12 17:15:40,006: _walk_modules() 'Jumble loading module in LocalFilesSource from /nix/store/97cqh46cyacl1ra71swhg8q32f5rdahx-variety-0.8.12/lib/python3.12/site-packages/variety/plugins/builtin/quotes/LocalFilesSource.py'
INFO: 2024-10-12 17:15:40,008: load() 'Jumble found plugin class: <class 'LocalFilesSource.LocalFilesSource'>: {'name': 'Local text files', 'description': 'Displays quotes, defined in local text files.\nPut your own txt files in: ~/.config/variety/pluginconfig/quotes/.\nThe file format is:\n\nquote -- author\n.\nsecond quote -- another author\n.\netc...\n\nExample: http://rvelthuis.de/zips/quotes.txt', 'author': 'Peter Levi', 'version': '0.1'}'
INFO: 2024-10-12 17:15:40,008: _walk_modules() 'Jumble loading module in QuotationsPageSource from /nix/store/97cqh46cyacl1ra71swhg8q32f5rdahx-variety-0.8.12/lib/python3.12/site-packages/variety/plugins/builtin/quotes/QuotationsPageSource.py'
INFO: 2024-10-12 17:15:40,009: load() 'Jumble found plugin class: <class 'QuotationsPageSource.QuotationsPageSource'>: {'name': 'TheQuotationsPage.com', 'description': 'Fetches quotes from TheQuotationsPage.com', 'author': 'Peter Levi', 'version': '0.1'}'
INFO: 2024-10-12 17:15:40,009: _walk_modules() 'Jumble loading module in UrbanDictionarySource from /nix/store/97cqh46cyacl1ra71swhg8q32f5rdahx-variety-0.8.12/lib/python3.12/site-packages/variety/plugins/builtin/quotes/UrbanDictionarySource.py'
INFO: 2024-10-12 17:15:40,010: load() 'Jumble found plugin class: <class 'UrbanDictionarySource.UrbanDictionarySource'>: {'name': 'Urban Dictionary', 'description': 'Displays definitions from Urban Dictionary', 'author': 'James Miller', 'version': '0.1'}'
INFO: 2024-10-12 17:15:40,010: _walk_modules() 'Jumble loading module in __init__ from /nix/store/97cqh46cyacl1ra71swhg8q32f5rdahx-variety-0.8.12/lib/python3.12/site-packages/variety/plugins/builtin/quotes/__init__.py'
INFO: 2024-10-12 17:15:40,410: reload_config() 'Creating new downloader for type unsplash, location High-resolution photos from Unsplash.com'
INFO: 2024-10-12 17:15:40,450: log_options() 'Loaded options:'
INFO: 2024-10-12 17:15:40,451: log_options() 'change_enabled = False'
INFO: 2024-10-12 17:15:40,451: log_options() 'change_interval = 300'
INFO: 2024-10-12 17:15:40,451: log_options() 'change_on_start = False'
INFO: 2024-10-12 17:15:40,451: log_options() 'clipboard_enabled = False'
INFO: 2024-10-12 17:15:40,451: log_options() 'clipboard_hosts = ['wallhaven.cc', 'wallpapers.net', 'flickr.com', 'imgur.com', 'deviantart.com', 'interfacelift.com', 'vladstudio.com', 'imageshack.us', 'deviantart.net', 'imageshack.com']'
INFO: 2024-10-12 17:15:40,451: log_options() 'clipboard_use_whitelist = True'
INFO: 2024-10-12 17:15:40,451: log_options() 'clock_date_font = Serif 30'
INFO: 2024-10-12 17:15:40,452: log_options() 'clock_enabled = False'
INFO: 2024-10-12 17:15:40,452: log_options() 'clock_filter = -density 100 -font `fc-match -f '%{file[0]}' '%CLOCK_FONT_NAME'` -pointsize %CLOCK_FONT_SIZE -gravity SouthEast -fill '#00000044' -annotate 0x0+[%HOFFSET+58]+[%VOFFSET+108] '%H:%M' -fill white -annotate 0x0+[%HOFFSET+60]+[%VOFFSET+110] '%H:%M' -font `fc-match -f '%{file[0]}' '%DATE_FONT_NAME'` -pointsize %DATE_FONT_SIZE -fill '#00000044' -annotate 0x0+[%HOFFSET+58]+[%VOFFSET+58] '%A, %B %d' -fill white -annotate 0x0+[%HOFFSET+60]+[%VOFFSET+60] '%A, %B %d''
INFO: 2024-10-12 17:15:40,452: log_options() 'clock_font = Serif 70'
INFO: 2024-10-12 17:15:40,452: log_options() 'configfile = /home/marc/.config/variety/variety.conf'
INFO: 2024-10-12 17:15:40,452: log_options() 'copyto_enabled = True'
INFO: 2024-10-12 17:15:40,452: log_options() 'copyto_folder = Default'
INFO: 2024-10-12 17:15:40,452: log_options() 'desired_color = [160, 160, 160]'
INFO: 2024-10-12 17:15:40,452: log_options() 'desired_color_enabled = False'
INFO: 2024-10-12 17:15:40,453: log_options() 'download_folder = /home/marc/.config/variety/Downloaded'
INFO: 2024-10-12 17:15:40,453: log_options() 'download_preference_ratio = 0.9'
INFO: 2024-10-12 17:15:40,453: log_options() 'favorites_folder = /home/marc/.config/variety/Favorites'
INFO: 2024-10-12 17:15:40,453: log_options() 'favorites_operations = [['Downloaded', 'Copy'], ['Fetched', 'Move'], ['Others', 'Copy']]'
INFO: 2024-10-12 17:15:40,453: log_options() 'fetched_folder = /home/marc/.config/variety/Fetched'
INFO: 2024-10-12 17:15:40,453: log_options() 'filters = [[False, 'Keep original', ''], [False, 'Grayscale', '-type Grayscale'], [False, 'Heavy blur', '-scale 20% -blur 0x10 -resize 500%'], [False, 'Soft blur', '-scale 20% -blur 0x2 -resize 500%'], [False, 'Oil painting', '-paint 8'], [False, 'Pointilism', '-spread 10 -noise 3'], [False, 'Pixellate', '-scale 3% -scale 3333%']]'
INFO: 2024-10-12 17:15:40,453: log_options() 'get_wallpaper_script = /home/marc/.config/variety/scripts/get_wallpaper'
INFO: 2024-10-12 17:15:40,453: log_options() 'icon = Dark'
INFO: 2024-10-12 17:15:40,453: log_options() 'internet_enabled = True'
INFO: 2024-10-12 17:15:40,453: log_options() 'lightness_enabled = False'
INFO: 2024-10-12 17:15:40,454: log_options() 'lightness_mode = 0'
INFO: 2024-10-12 17:15:40,454: log_options() 'min_rating = 4'
INFO: 2024-10-12 17:15:40,454: log_options() 'min_rating_enabled = False'
INFO: 2024-10-12 17:15:40,454: log_options() 'min_size = 80'
INFO: 2024-10-12 17:15:40,454: log_options() 'min_size_enabled = False'
INFO: 2024-10-12 17:15:40,454: log_options() 'quota_enabled = True'
INFO: 2024-10-12 17:15:40,454: log_options() 'quota_size = 1000'
INFO: 2024-10-12 17:15:40,454: log_options() 'quotes_authors = '
INFO: 2024-10-12 17:15:40,454: log_options() 'quotes_bg_color = [80, 80, 80]'
INFO: 2024-10-12 17:15:40,455: log_options() 'quotes_bg_opacity = 55'
INFO: 2024-10-12 17:15:40,455: log_options() 'quotes_change_enabled = False'
INFO: 2024-10-12 17:15:40,455: log_options() 'quotes_change_interval = 300'
INFO: 2024-10-12 17:15:40,455: log_options() 'quotes_disabled_sources = ['Urban Dictionary']'
INFO: 2024-10-12 17:15:40,455: log_options() 'quotes_enabled = False'
INFO: 2024-10-12 17:15:40,455: log_options() 'quotes_favorites_file = /home/marc/.config/variety/favorite_quotes.txt'
INFO: 2024-10-12 17:15:40,455: log_options() 'quotes_font = Serif 30'
INFO: 2024-10-12 17:15:40,455: log_options() 'quotes_hpos = 100'
INFO: 2024-10-12 17:15:40,455: log_options() 'quotes_max_length = 250'
INFO: 2024-10-12 17:15:40,455: log_options() 'quotes_tags = '
INFO: 2024-10-12 17:15:40,456: log_options() 'quotes_text_color = [255, 255, 255]'
INFO: 2024-10-12 17:15:40,456: log_options() 'quotes_text_shadow = False'
INFO: 2024-10-12 17:15:40,456: log_options() 'quotes_vpos = 40'
INFO: 2024-10-12 17:15:40,456: log_options() 'quotes_width = 70'
INFO: 2024-10-12 17:15:40,456: log_options() 'safe_mode = False'
INFO: 2024-10-12 17:15:40,456: log_options() 'set_wallpaper_script = /home/marc/.config/variety/scripts/set_wallpaper'
INFO: 2024-10-12 17:15:40,456: log_options() 'slideshow_custom_enabled = False'
INFO: 2024-10-12 17:15:40,456: log_options() 'slideshow_custom_folder = /home/marc/Pictures'
INFO: 2024-10-12 17:15:40,456: log_options() 'slideshow_downloads_enabled = False'
INFO: 2024-10-12 17:15:40,457: log_options() 'slideshow_fade = 0.4'
INFO: 2024-10-12 17:15:40,457: log_options() 'slideshow_favorites_enabled = True'
INFO: 2024-10-12 17:15:40,457: log_options() 'slideshow_mode = Fullscreen'
INFO: 2024-10-12 17:15:40,457: log_options() 'slideshow_monitor = All'
INFO: 2024-10-12 17:15:40,457: log_options() 'slideshow_pan = 0.05'
INFO: 2024-10-12 17:15:40,457: log_options() 'slideshow_seconds = 6.0'
INFO: 2024-10-12 17:15:40,457: log_options() 'slideshow_sort_order = Random'
INFO: 2024-10-12 17:15:40,457: log_options() 'slideshow_sources_enabled = True'
INFO: 2024-10-12 17:15:40,457: log_options() 'slideshow_zoom = 0.2'
INFO: 2024-10-12 17:15:40,458: log_options() 'smart_enabled = False'
INFO: 2024-10-12 17:15:40,458: log_options() 'smart_notice_shown = False'
INFO: 2024-10-12 17:15:40,458: log_options() 'smart_register_shown = False'
INFO: 2024-10-12 17:15:40,458: log_options() 'sources = [[False, 'favorites', 'The Favorites folder'], [False, 'fetched', 'The Fetched folder'], [False, 'folder', '/usr/share/backgrounds'], [False, 'flickr', 'user:www.flickr.com/photos/peter-levi/;user_id:93647178@N00;'], [False, 'apod', "NASA's Astronomy Picture of the Day"], [False, 'bing', 'Bing Photo of the Day'], [False, 'earthview', 'Google Earth View Wallpapers'], [False, 'natgeo', "National Geographic's photo of the day"], [True, 'unsplash', 'High-resolution photos from Unsplash.com'], [False, 'folder', '/mnt/storage/pictures/celebrities'], [False, 'folder', '/mnt/storage/pictures'], [False, 'image', '/mnt/storage/pictures/107275.jpg'], [False, 'folder', '/mnt/storage/pictures/linux'], [False, 'folder', '/mnt/storage/pictures/new-pool'], [False, 'folder', '/mnt/storage/pictures/solid-colors'], [False, 'folder', '/mnt/storage/pictures/cities-towns'], [False, 'folder', '/mnt/storage/pictures/blue-sea'], [True, 'folder', '/mnt/storage/pictures/shows-broadcasts'], [True, 'folder', '/home/marc/Downloads'], [True, 'folder', '/mnt/storage/pictures/anime'], [True, 'folder', '/mnt/storage/pictures/kde-images'], [True, 'folder', '/mnt/storage/pictures/nature']]'
INFO: 2024-10-12 17:15:40,458: log_options() 'stats_enabled = True'
INFO: 2024-10-12 17:15:40,458: log_options() 'stats_notice_shown = False'
INFO: 2024-10-12 17:15:40,458: log_options() 'sync_enabled = True'
INFO: 2024-10-12 17:15:40,458: log_options() 'use_landscape_enabled = True'
INFO: 2024-10-12 17:15:40,458: log_options() 'wallhaven_api_key = '
INFO: 2024-10-12 17:15:40,459: log_options() 'wallpaper_auto_rotate = False'
INFO: 2024-10-12 17:15:40,459: log_options() 'wallpaper_display_mode = os'
INFO: 2024-10-12 17:15:40,459: reload_config() 'No need to clear prepared queue'
INFO: 2024-10-12 17:15:40,459: update_indicator() 'Setting file info to: /mnt/storage/pictures/nature/photo-1478641396229-e6f88f6e31b3.jpeg'
INFO: 2024-10-12 17:15:40,460: load_banned() 'Missing or invalid banned URLs list, no URLs will be banned'
INFO: 2024-10-12 17:15:40,460: load_last_change_time() 'Change interval < 6 hours, ignore persisted last_change_time, wait initially the whole interval: 300'
INFO: 2024-10-12 17:15:40,460: update_indicator() 'Setting file info to: /mnt/storage/pictures/nature/photo-1478641396229-e6f88f6e31b3.jpeg'
INFO: 2024-10-12 17:15:40,461: regular_change_thread() 'regular_change thread running'
INFO: 2024-10-12 17:15:40,462: regular_change_thread() 'regular_change: waiting till user resumes'
INFO: 2024-10-12 17:15:40,462: prepare_thread() 'Prepare thread running'
INFO: 2024-10-12 17:15:40,463: prepare_thread() 'Prepared buffer contains 0 images'
INFO: 2024-10-12 17:15:40,463: prepare_thread() 'Preparing some images'
INFO: 2024-10-12 17:15:40,468: update_indicator_icon() 'Creating indicator'
WARNING: 2024-10-12 17:15:40,542: create_menu() 'Variety Slideshow is not installed. This is an optional extension adding pan-and-zoom slideshows to Variety: see https://github.com/peterlevi/variety-slideshow for details'
INFO: 2024-10-12 17:15:40,544: create_indicator() 'indicator backend: AyatanaAppIndicator3'
INFO: 2024-10-12 17:15:40,560: do_set_wp() 'Calling do_set_wp with /mnt/storage/pictures/nature/photo-1478641396229-e6f88f6e31b3.jpeg, time: 1728742540.5606518'
INFO: 2024-10-12 17:15:40,575: set_from_theme_icon() 'Showing indicator icon variety-indicator-dark from GTK theme'
INFO: 2024-10-12 17:15:40,624: update_indicator() 'Setting file info to: /mnt/storage/pictures/nature/photo-1478641396229-e6f88f6e31b3.jpeg'
INFO: 2024-10-12 17:15:40,631: list_files() 'More than 1 files in the folders, stop listing'
WARNING: 2024-10-12 17:15:40,688: image_ok() 'Error in image_ok for file /mnt/storage/pictures/kde-images/F40/contents/images_dark/1152x720.png'
WARNING: 2024-10-12 17:15:40,688: image_ok() 'Error in image_ok for file /mnt/storage/pictures/kde-images/F39/contents/images_dark/2304x1440.png'
WARNING: 2024-10-12 17:15:40,743: image_ok() 'Error in image_ok for file /mnt/storage/pictures/kde-images/F39/contents/images_dark/1280x960.png'
WARNING: 2024-10-12 17:15:40,743: image_ok() 'Error in image_ok for file /mnt/storage/pictures/kde-images/Fedora/contents/images/1920x1440.png'
WARNING: 2024-10-12 17:15:40,792: image_ok() 'Error in image_ok for file /mnt/storage/pictures/kde-images/F40/contents/images_dark/1440x900.png'
WARNING: 2024-10-12 17:15:40,879: image_ok() 'Error in image_ok for file /mnt/storage/pictures/kde-images/F40/contents/images/3440x1440.png'
WARNING: 2024-10-12 17:15:40,879: image_ok() 'Error in image_ok for file /mnt/storage/pictures/kde-images/Fedora/contents/images_dark/1440x900.png'
WARNING: 2024-10-12 17:15:40,977: image_ok() 'Error in image_ok for file /mnt/storage/pictures/kde-images/Fedora/contents/images/1600x1200.png'
WARNING: 2024-10-12 17:15:41,049: image_ok() 'Error in image_ok for file /mnt/storage/pictures/kde-images/F39/contents/images_dark/640x480.png'
WARNING: 2024-10-12 17:15:41,089: image_ok() 'Error in image_ok for file /mnt/storage/pictures/kde-images/F39/contents/images_dark/1280x1024.png'
WARNING: 2024-10-12 17:15:41,234: image_ok() 'Error in image_ok for file /mnt/storage/pictures/kde-images/Fedora/contents/images/1920x1200.png'
WARNING: 2024-10-12 17:15:41,456: image_ok() 'Error in image_ok for file /mnt/storage/pictures/kde-images/F40/contents/images/3840x2160.png'
WARNING: 2024-10-12 17:15:41,456: image_ok() 'Error in image_ok for file /mnt/storage/pictures/kde-images/F39/contents/images/1024x768.png'
WARNING: 2024-10-12 17:15:41,457: image_ok() 'Error in image_ok for file /mnt/storage/pictures/kde-images/F39/contents/images/1920x1280.png'
WARNING: 2024-10-12 17:15:41,459: image_ok() 'Error in image_ok for file /mnt/storage/pictures/kde-images/F40/contents/images/2160x1440.png'
WARNING: 2024-10-12 17:15:41,580: image_ok() 'Error in image_ok for file /mnt/storage/pictures/kde-images/F40/contents/images/1280x768.png'
WARNING: 2024-10-12 17:15:41,699: image_ok() 'Error in image_ok for file /mnt/storage/pictures/kde-images/Fedora/contents/images_dark/2960x1440.png'
WARNING: 2024-10-12 17:15:41,699: image_ok() 'Error in image_ok for file /mnt/storage/pictures/kde-images/Fedora/contents/images_dark/1024x600.png'
INFO: 2024-10-12 17:15:41,758: reload() 'Reloading preferences dialog'
WARNING: 2024-10-12 17:15:41,799: image_ok() 'Error in image_ok for file /mnt/storage/pictures/kde-images/F40/contents/images_dark/1200x900.png'
WARNING: 2024-10-12 17:15:41,824: image_ok() 'Error in image_ok for file /mnt/storage/pictures/kde-images/F39/contents/images_dark/1280x768.png'
WARNING: 2024-10-12 17:15:41,855: image_ok() 'Error in image_ok for file /mnt/storage/pictures/kde-images/F39/contents/images_dark/1366x768.png'
WARNING: 2024-10-12 17:15:41,895: image_ok() 'Error in image_ok for file /mnt/storage/pictures/kde-images/Fedora/contents/images/1280x768.png'
WARNING: 2024-10-12 17:15:41,931: image_ok() 'Error in image_ok for file /mnt/storage/pictures/kde-images/Fedora/contents/images/2560x1600.png'
INFO: 2024-10-12 17:15:41,931: prepare_thread() 'After search prepared buffer contains 75 images'
INFO: 2024-10-12 17:15:43,932: trigger_download() 'Triggering download thread to check if download needed and possible'
INFO: 2024-10-12 17:16:00,465: server_options_thread() 'Fetching server options from http://tiny.cc/variety-options-063'
ERROR: 2024-10-12 17:16:12,527: server_options_thread() 'Could not fetch Variety serverside options'
Traceback (most recent call last):
  File "/nix/store/v9vlasx9pvm911cxdmd5fqbical5pjx8-python3.12-requests-2.32.3/lib/python3.12/site-packages/requests/models.py", line 974, in json
    return complexjson.loads(self.text, **kwargs)
           ^^^^^^^^^^^^^^^^^^^^^^^^^^^^^^^^^^^^^^
  File "/nix/store/pgb120fb7srbh418v4i2a70aq1w9dawd-python3-3.12.5/lib/python3.12/json/__init__.py", line 346, in loads
    return _default_decoder.decode(s)
           ^^^^^^^^^^^^^^^^^^^^^^^^^^
  File "/nix/store/pgb120fb7srbh418v4i2a70aq1w9dawd-python3-3.12.5/lib/python3.12/json/decoder.py", line 337, in decode
    obj, end = self.raw_decode(s, idx=_w(s, 0).end())
               ^^^^^^^^^^^^^^^^^^^^^^^^^^^^^^^^^^^^^^
  File "/nix/store/pgb120fb7srbh418v4i2a70aq1w9dawd-python3-3.12.5/lib/python3.12/json/decoder.py", line 355, in raw_decode
    raise JSONDecodeError("Expecting value", s, err.value) from None
json.decoder.JSONDecodeError: Expecting value: line 1 column 1 (char 0)

During handling of the above exception, another exception occurred:

Traceback (most recent call last):
  File "/nix/store/97cqh46cyacl1ra71swhg8q32f5rdahx-variety-0.8.12/lib/python3.12/site-packages/variety/VarietyWindow.py", line 1084, in server_options_thread
    self.server_options = Util.fetch_json(VarietyWindow.SERVERSIDE_OPTIONS_URL)
                          ^^^^^^^^^^^^^^^^^^^^^^^^^^^^^^^^^^^^^^^^^^^^^^^^^^^^^
  File "/nix/store/97cqh46cyacl1ra71swhg8q32f5rdahx-variety-0.8.12/lib/python3.12/site-packages/variety/Util.py", line 684, in fetch_json
    return Util.request(url, data, **request_kwargs).json()
           ^^^^^^^^^^^^^^^^^^^^^^^^^^^^^^^^^^^^^^^^^^^^^^^^
  File "/nix/store/v9vlasx9pvm911cxdmd5fqbical5pjx8-python3.12-requests-2.32.3/lib/python3.12/site-packages/requests/models.py", line 978, in json
    raise RequestsJSONDecodeError(e.msg, e.doc, e.pos)
requests.exceptions.JSONDecodeError: Expecting value: line 1 column 1 (char 0)
INFO: 2024-10-12 17:16:42,536: server_options_thread() 'Fetching server options from http://tiny.cc/variety-options-063'
ERROR: 2024-10-12 17:16:49,414: server_options_thread() 'Could not fetch Variety serverside options'
Traceback (most recent call last):
  File "/nix/store/v9vlasx9pvm911cxdmd5fqbical5pjx8-python3.12-requests-2.32.3/lib/python3.12/site-packages/requests/models.py", line 974, in json
    return complexjson.loads(self.text, **kwargs)
           ^^^^^^^^^^^^^^^^^^^^^^^^^^^^^^^^^^^^^^
  File "/nix/store/pgb120fb7srbh418v4i2a70aq1w9dawd-python3-3.12.5/lib/python3.12/json/__init__.py", line 346, in loads
    return _default_decoder.decode(s)
           ^^^^^^^^^^^^^^^^^^^^^^^^^^
  File "/nix/store/pgb120fb7srbh418v4i2a70aq1w9dawd-python3-3.12.5/lib/python3.12/json/decoder.py", line 337, in decode
    obj, end = self.raw_decode(s, idx=_w(s, 0).end())
               ^^^^^^^^^^^^^^^^^^^^^^^^^^^^^^^^^^^^^^
  File "/nix/store/pgb120fb7srbh418v4i2a70aq1w9dawd-python3-3.12.5/lib/python3.12/json/decoder.py", line 355, in raw_decode
    raise JSONDecodeError("Expecting value", s, err.value) from None
json.decoder.JSONDecodeError: Expecting value: line 1 column 1 (char 0)

During handling of the above exception, another exception occurred:

Traceback (most recent call last):
  File "/nix/store/97cqh46cyacl1ra71swhg8q32f5rdahx-variety-0.8.12/lib/python3.12/site-packages/variety/VarietyWindow.py", line 1084, in server_options_thread
    self.server_options = Util.fetch_json(VarietyWindow.SERVERSIDE_OPTIONS_URL)
                          ^^^^^^^^^^^^^^^^^^^^^^^^^^^^^^^^^^^^^^^^^^^^^^^^^^^^^
  File "/nix/store/97cqh46cyacl1ra71swhg8q32f5rdahx-variety-0.8.12/lib/python3.12/site-packages/variety/Util.py", line 684, in fetch_json
    return Util.request(url, data, **request_kwargs).json()
           ^^^^^^^^^^^^^^^^^^^^^^^^^^^^^^^^^^^^^^^^^^^^^^^^
  File "/nix/store/v9vlasx9pvm911cxdmd5fqbical5pjx8-python3.12-requests-2.32.3/lib/python3.12/site-packages/requests/models.py", line 978, in json
    raise RequestsJSONDecodeError(e.msg, e.doc, e.pos)
requests.exceptions.JSONDecodeError: Expecting value: line 1 column 1 (char 0)
INFO: 2024-10-12 17:17:21,166: server_options_thread() 'Fetching server options from http://tiny.cc/variety-options-063'
ERROR: 2024-10-12 17:17:28,605: server_options_thread() 'Could not fetch Variety serverside options'
Traceback (most recent call last):
  File "/nix/store/iascs8wc0g70ln13rcjbb2hr0gc1kq26-python3.12-urllib3-2.2.2/lib/python3.12/site-packages/urllib3/connection.py", line 196, in _new_conn
    sock = connection.create_connection(
           ^^^^^^^^^^^^^^^^^^^^^^^^^^^^^
  File "/nix/store/iascs8wc0g70ln13rcjbb2hr0gc1kq26-python3.12-urllib3-2.2.2/lib/python3.12/site-packages/urllib3/util/connection.py", line 85, in create_connection
    raise err
  File "/nix/store/iascs8wc0g70ln13rcjbb2hr0gc1kq26-python3.12-urllib3-2.2.2/lib/python3.12/site-packages/urllib3/util/connection.py", line 73, in create_connection
    sock.connect(sa)
TimeoutError: timed out

The above exception was the direct cause of the following exception:

Traceback (most recent call last):
  File "/nix/store/iascs8wc0g70ln13rcjbb2hr0gc1kq26-python3.12-urllib3-2.2.2/lib/python3.12/site-packages/urllib3/connectionpool.py", line 789, in urlopen
    response = self._make_request(
               ^^^^^^^^^^^^^^^^^^^
  File "/nix/store/iascs8wc0g70ln13rcjbb2hr0gc1kq26-python3.12-urllib3-2.2.2/lib/python3.12/site-packages/urllib3/connectionpool.py", line 495, in _make_request
    conn.request(
  File "/nix/store/iascs8wc0g70ln13rcjbb2hr0gc1kq26-python3.12-urllib3-2.2.2/lib/python3.12/site-packages/urllib3/connection.py", line 398, in request
    self.endheaders()
  File "/nix/store/pgb120fb7srbh418v4i2a70aq1w9dawd-python3-3.12.5/lib/python3.12/http/client.py", line 1331, in endheaders
    self._send_output(message_body, encode_chunked=encode_chunked)
  File "/nix/store/pgb120fb7srbh418v4i2a70aq1w9dawd-python3-3.12.5/lib/python3.12/http/client.py", line 1091, in _send_output
    self.send(msg)
  File "/nix/store/pgb120fb7srbh418v4i2a70aq1w9dawd-python3-3.12.5/lib/python3.12/http/client.py", line 1035, in send
    self.connect()
  File "/nix/store/iascs8wc0g70ln13rcjbb2hr0gc1kq26-python3.12-urllib3-2.2.2/lib/python3.12/site-packages/urllib3/connection.py", line 236, in connect
    self.sock = self._new_conn()
                ^^^^^^^^^^^^^^^^
  File "/nix/store/iascs8wc0g70ln13rcjbb2hr0gc1kq26-python3.12-urllib3-2.2.2/lib/python3.12/site-packages/urllib3/connection.py", line 205, in _new_conn
    raise ConnectTimeoutError(
urllib3.exceptions.ConnectTimeoutError: (<urllib3.connection.HTTPConnection object at 0x7f03340b9490>, 'Connection to tiny.cc timed out. (connect timeout=5)')

The above exception was the direct cause of the following exception:

Traceback (most recent call last):
  File "/nix/store/v9vlasx9pvm911cxdmd5fqbical5pjx8-python3.12-requests-2.32.3/lib/python3.12/site-packages/requests/adapters.py", line 683, in send
    resp = conn.urlopen(
           ^^^^^^^^^^^^^
  File "/nix/store/iascs8wc0g70ln13rcjbb2hr0gc1kq26-python3.12-urllib3-2.2.2/lib/python3.12/site-packages/urllib3/connectionpool.py", line 843, in urlopen
    retries = retries.increment(
              ^^^^^^^^^^^^^^^^^^
  File "/nix/store/iascs8wc0g70ln13rcjbb2hr0gc1kq26-python3.12-urllib3-2.2.2/lib/python3.12/site-packages/urllib3/util/retry.py", line 519, in increment
    raise MaxRetryError(_pool, url, reason) from reason  # type: ignore[arg-type]
    ^^^^^^^^^^^^^^^^^^^^^^^^^^^^^^^^^^^^^^^^^^^^^^^^^^^
urllib3.exceptions.MaxRetryError: HTTPConnectionPool(host='tiny.cc', port=80): Max retries exceeded with url: /variety-options-063 (Caused by ConnectTimeoutError(<urllib3.connection.HTTPConnection object at 0x7f03340b9490>, 'Connection to tiny.cc timed out. (connect timeout=5)'))

During handling of the above exception, another exception occurred:

Traceback (most recent call last):
  File "/nix/store/97cqh46cyacl1ra71swhg8q32f5rdahx-variety-0.8.12/lib/python3.12/site-packages/variety/VarietyWindow.py", line 1084, in server_options_thread
    self.server_options = Util.fetch_json(VarietyWindow.SERVERSIDE_OPTIONS_URL)
                          ^^^^^^^^^^^^^^^^^^^^^^^^^^^^^^^^^^^^^^^^^^^^^^^^^^^^^
  File "/nix/store/97cqh46cyacl1ra71swhg8q32f5rdahx-variety-0.8.12/lib/python3.12/site-packages/variety/Util.py", line 684, in fetch_json
    return Util.request(url, data, **request_kwargs).json()
           ^^^^^^^^^^^^^^^^^^^^^^^^^^^^^^^^^^^^^^^^^
  File "/nix/store/97cqh46cyacl1ra71swhg8q32f5rdahx-variety-0.8.12/lib/python3.12/site-packages/variety/Util.py", line 654, in request
    r = requests.request(
        ^^^^^^^^^^^^^^^^^
  File "/nix/store/v9vlasx9pvm911cxdmd5fqbical5pjx8-python3.12-requests-2.32.3/lib/python3.12/site-packages/requests/api.py", line 59, in request
    return session.request(method=method, url=url, **kwargs)
           ^^^^^^^^^^^^^^^^^^^^^^^^^^^^^^^^^^^^^^^^^^^^^^^^^
  File "/nix/store/v9vlasx9pvm911cxdmd5fqbical5pjx8-python3.12-requests-2.32.3/lib/python3.12/site-packages/requests/sessions.py", line 589, in request
    resp = self.send(prep, **send_kwargs)
           ^^^^^^^^^^^^^^^^^^^^^^^^^^^^^^
  File "/nix/store/v9vlasx9pvm911cxdmd5fqbical5pjx8-python3.12-requests-2.32.3/lib/python3.12/site-packages/requests/sessions.py", line 703, in send
    r = adapter.send(request, **kwargs)
        ^^^^^^^^^^^^^^^^^^^^^^^^^^^^^^^
  File "/nix/store/v9vlasx9pvm911cxdmd5fqbical5pjx8-python3.12-requests-2.32.3/lib/python3.12/site-packages/requests/adapters.py", line 704, in send
    raise ConnectTimeout(e, request=request)
requests.exceptions.ConnectTimeout: HTTPConnectionPool(host='tiny.cc', port=80): Max retries exceeded with url: /variety-options-063 (Caused by ConnectTimeoutError(<urllib3.connection.HTTPConnection object at 0x7f03340b9490>, 'Connection to tiny.cc timed out. (connect timeout=5)'))
INFO: 2024-10-12 17:17:58,639: server_options_thread() 'Fetching server options from http://tiny.cc/variety-options-063'
ERROR: 2024-10-12 17:18:00,394: server_options_thread() 'Could not fetch Variety serverside options'
Traceback (most recent call last):
  File "/nix/store/v9vlasx9pvm911cxdmd5fqbical5pjx8-python3.12-requests-2.32.3/lib/python3.12/site-packages/requests/models.py", line 974, in json
    return complexjson.loads(self.text, **kwargs)
           ^^^^^^^^^^^^^^^^^^^^^^^^^^^^^^^^^^^^^^
  File "/nix/store/pgb120fb7srbh418v4i2a70aq1w9dawd-python3-3.12.5/lib/python3.12/json/__init__.py", line 346, in loads
    return _default_decoder.decode(s)
           ^^^^^^^^^^^^^^^^^^^^^^^^^^
  File "/nix/store/pgb120fb7srbh418v4i2a70aq1w9dawd-python3-3.12.5/lib/python3.12/json/decoder.py", line 337, in decode
    obj, end = self.raw_decode(s, idx=_w(s, 0).end())
               ^^^^^^^^^^^^^^^^^^^^^^^^^^^^^^^^^^^^^^
  File "/nix/store/pgb120fb7srbh418v4i2a70aq1w9dawd-python3-3.12.5/lib/python3.12/json/decoder.py", line 355, in raw_decode
    raise JSONDecodeError("Expecting value", s, err.value) from None
json.decoder.JSONDecodeError: Expecting value: line 1 column 1 (char 0)

During handling of the above exception, another exception occurred:

Traceback (most recent call last):
  File "/nix/store/97cqh46cyacl1ra71swhg8q32f5rdahx-variety-0.8.12/lib/python3.12/site-packages/variety/VarietyWindow.py", line 1084, in server_options_thread
    self.server_options = Util.fetch_json(VarietyWindow.SERVERSIDE_OPTIONS_URL)
                          ^^^^^^^^^^^^^^^^^^^^^^^^^^^^^^^^^^^^^^^^^^^^^^^^^^^^^
  File "/nix/store/97cqh46cyacl1ra71swhg8q32f5rdahx-variety-0.8.12/lib/python3.12/site-packages/variety/Util.py", line 684, in fetch_json
    return Util.request(url, data, **request_kwargs).json()
           ^^^^^^^^^^^^^^^^^^^^^^^^^^^^^^^^^^^^^^^^^^^^^^^^
  File "/nix/store/v9vlasx9pvm911cxdmd5fqbical5pjx8-python3.12-requests-2.32.3/lib/python3.12/site-packages/requests/models.py", line 978, in json
    raise RequestsJSONDecodeError(e.msg, e.doc, e.pos)
requests.exceptions.JSONDecodeError: Expecting value: line 1 column 1 (char 0)
INFO: 2024-10-12 17:18:30,401: server_options_thread() 'Fetching server options from http://tiny.cc/variety-options-063'
ERROR: 2024-10-12 17:18:32,281: server_options_thread() 'Could not fetch Variety serverside options'
Traceback (most recent call last):
  File "/nix/store/v9vlasx9pvm911cxdmd5fqbical5pjx8-python3.12-requests-2.32.3/lib/python3.12/site-packages/requests/models.py", line 974, in json
    return complexjson.loads(self.text, **kwargs)
           ^^^^^^^^^^^^^^^^^^^^^^^^^^^^^^^^^^^^^^
  File "/nix/store/pgb120fb7srbh418v4i2a70aq1w9dawd-python3-3.12.5/lib/python3.12/json/__init__.py", line 346, in loads
    return _default_decoder.decode(s)
           ^^^^^^^^^^^^^^^^^^^^^^^^^^
  File "/nix/store/pgb120fb7srbh418v4i2a70aq1w9dawd-python3-3.12.5/lib/python3.12/json/decoder.py", line 337, in decode
    obj, end = self.raw_decode(s, idx=_w(s, 0).end())
               ^^^^^^^^^^^^^^^^^^^^^^^^^^^^^^^^^^^^^^
  File "/nix/store/pgb120fb7srbh418v4i2a70aq1w9dawd-python3-3.12.5/lib/python3.12/json/decoder.py", line 355, in raw_decode
    raise JSONDecodeError("Expecting value", s, err.value) from None
json.decoder.JSONDecodeError: Expecting value: line 1 column 1 (char 0)

During handling of the above exception, another exception occurred:

Traceback (most recent call last):
  File "/nix/store/97cqh46cyacl1ra71swhg8q32f5rdahx-variety-0.8.12/lib/python3.12/site-packages/variety/VarietyWindow.py", line 1084, in server_options_thread
    self.server_options = Util.fetch_json(VarietyWindow.SERVERSIDE_OPTIONS_URL)
                          ^^^^^^^^^^^^^^^^^^^^^^^^^^^^^^^^^^^^^^^^^^^^^^^^^^^^^
  File "/nix/store/97cqh46cyacl1ra71swhg8q32f5rdahx-variety-0.8.12/lib/python3.12/site-packages/variety/Util.py", line 684, in fetch_json
    return Util.request(url, data, **request_kwargs).json()
           ^^^^^^^^^^^^^^^^^^^^^^^^^^^^^^^^^^^^^^^^^^^^^^^^
  File "/nix/store/v9vlasx9pvm911cxdmd5fqbical5pjx8-python3.12-requests-2.32.3/lib/python3.12/site-packages/requests/models.py", line 978, in json
    raise RequestsJSONDecodeError(e.msg, e.doc, e.pos)
requests.exceptions.JSONDecodeError: Expecting value: line 1 column 1 (char 0)
INFO: 2024-10-12 17:44:50,289: process_command() 'Received command: ['--preferences']'
INFO: 2024-10-12 17:44:50,313: reload() 'Reloading preferences dialog'
INFO: 2024-10-12 17:44:51,645: trigger_download() 'Triggering download thread to check if download needed and possible'
